<?xml version="1.0" encoding="UTF-8"?>
<testng-results ignored="0" total="1" passed="1" failed="0" skipped="0">
  <reporter-output>
  </reporter-output>
  <suite started-at="2024-02-18T03:55:11Z" name="Default suite" finished-at="2024-02-18T03:55:11Z" duration-ms="17">
    <groups>
    </groups>
    <test started-at="2024-02-18T03:55:11Z" name="Default test" finished-at="2024-02-18T03:55:11Z" duration-ms="17">
      <class name="com.java.basic.Test_01_Login">
        <test-method is-config="true" signature="beforeClass()[pri:0, instance:com.java.basic.Test_01_Login@58cbafc2]" started-at="2024-02-18T03:55:11Z" name="beforeClass" finished-at="2024-02-18T03:55:11Z" duration-ms="4" status="PASS">
          <reporter-output>
          </reporter-output>
        </test-method> <!-- beforeClass -->
        <test-method signature="f()[pri:0, instance:com.java.basic.Test_01_Login@58cbafc2]" started-at="2024-02-18T03:55:11Z" name="f" description="check description" finished-at="2024-02-18T03:55:11Z" duration-ms="4" status="PASS">
          <reporter-output>
          </reporter-output>
        </test-method> <!-- f -->
        <test-method is-config="true" signature="afterClass()[pri:0, instance:com.java.basic.Test_01_Login@58cbafc2]" started-at="2024-02-18T03:55:11Z" name="afterClass" finished-at="2024-02-18T03:55:11Z" duration-ms="0" status="PASS">
          <reporter-output>
          </reporter-output>
        </test-method> <!-- afterClass -->
      </class> <!-- com.java.basic.Test_01_Login -->
    </test> <!-- Default test -->
  </suite> <!-- Default suite -->
</testng-results>
